@!@!@STARTMSG 2262:0 @!@!@
TLC2 Version 2026.07.18.145032 (rev: 30cc360)
@!@!@ENDMSG 2262 @!@!@
@!@!@STARTMSG 2187:0 @!@!@
Running breadth-first search Model-Checking with fp 36 and seed -5157963388490627529 with 1 worker on 16 cores with 1735MB heap and 64MB offheap memory [pid: 22989] (Linux 6.18.33.2-microsoft-standard-WSL2 amd64, Ubuntu 11.0.30 64bit, MSBDiskFPSet, DiskStateQueue).
@!@!@ENDMSG 2187 @!@!@
@!@!@STARTMSG 2220:0 @!@!@
Starting SANY...
@!@!@ENDMSG 2220 @!@!@
Parsing file /home/eric/TLA/github/Learning-TLA/04_Die_Hard_Jugs/ex4.tla
Parsing file /tmp/tlc-11172729477217901796/TLC.tla (jar:file:/home/eric/.vscode-server/extensions/tlaplus.vscode-ide-2026.7.181501/tools/tla2tools.jar!/tla2sany/StandardModules/TLC.tla)
Parsing file /tmp/tlc-11172729477217901796/Integers.tla (jar:file:/home/eric/.vscode-server/extensions/tlaplus.vscode-ide-2026.7.181501/tools/tla2tools.jar!/tla2sany/StandardModules/Integers.tla)
Parsing file /tmp/tlc-11172729477217901796/_TLCTrace.tla (jar:file:/home/eric/.vscode-server/extensions/tlaplus.vscode-ide-2026.7.181501/tools/tla2tools.jar!/tla2sany/StandardModules/_TLCTrace.tla)
Parsing file /tmp/tlc-11172729477217901796/Naturals.tla (jar:file:/home/eric/.vscode-server/extensions/tlaplus.vscode-ide-2026.7.181501/tools/tla2tools.jar!/tla2sany/StandardModules/Naturals.tla)
Parsing file /tmp/tlc-11172729477217901796/Sequences.tla (jar:file:/home/eric/.vscode-server/extensions/tlaplus.vscode-ide-2026.7.181501/tools/tla2tools.jar!/tla2sany/StandardModules/Sequences.tla)
Parsing file /tmp/tlc-11172729477217901796/FiniteSets.tla (jar:file:/home/eric/.vscode-server/extensions/tlaplus.vscode-ide-2026.7.181501/tools/tla2tools.jar!/tla2sany/StandardModules/FiniteSets.tla)
Parsing file /tmp/tlc-11172729477217901796/TLCExt.tla (jar:file:/home/eric/.vscode-server/extensions/tlaplus.vscode-ide-2026.7.181501/tools/tla2tools.jar!/tla2sany/StandardModules/TLCExt.tla)
Semantic processing of module Naturals
Semantic processing of module Sequences
Semantic processing of module FiniteSets
Semantic processing of module TLC
Semantic processing of module Integers
Semantic processing of module TLCExt
Semantic processing of module _TLCTrace
Semantic processing of module ex4
Linting of module TLCExt
Linting of module _TLCTrace
Linting of module ex4
@!@!@STARTMSG 2219:0 @!@!@
SANY finished.
@!@!@ENDMSG 2219 @!@!@
@!@!@STARTMSG 2185:0 @!@!@
Starting... (2026-07-19 18:18:22)
@!@!@ENDMSG 2185 @!@!@
@!@!@STARTMSG 2189:0 @!@!@
Computing initial states...
@!@!@ENDMSG 2189 @!@!@
@!@!@STARTMSG 2190:0 @!@!@
Finished computing initial states: 1 distinct state generated at 2026-07-19 18:18:23.
@!@!@ENDMSG 2190 @!@!@
@!@!@STARTMSG 2110:1 @!@!@
Invariant NotSolved is violated.
@!@!@ENDMSG 2110 @!@!@
@!@!@STARTMSG 2121:1 @!@!@
The behavior up to this point is:
@!@!@ENDMSG 2121 @!@!@
@!@!@STARTMSG 2217:4 @!@!@
1: <Initial predicate>
/\ jug_m = 0
/\ jug_n = 0

@!@!@ENDMSG 2217 @!@!@
@!@!@STARTMSG 2217:4 @!@!@
2: <Next line 75, col 12 to line 76, col 28 of module ex4>
/\ jug_m = 5
/\ jug_n = 0

@!@!@ENDMSG 2217 @!@!@
@!@!@STARTMSG 2217:4 @!@!@
3: <Next line 83, col 12 to line 87, col 35 of module ex4>
/\ jug_m = 2
/\ jug_n = 3

@!@!@ENDMSG 2217 @!@!@
@!@!@STARTMSG 2217:4 @!@!@
4: <Next line 81, col 12 to line 82, col 28 of module ex4>
/\ jug_m = 2
/\ jug_n = 0

@!@!@ENDMSG 2217 @!@!@
@!@!@STARTMSG 2217:4 @!@!@
5: <Next line 83, col 12 to line 87, col 35 of module ex4>
/\ jug_m = 0
/\ jug_n = 2

@!@!@ENDMSG 2217 @!@!@
@!@!@STARTMSG 2217:4 @!@!@
6: <Next line 75, col 12 to line 76, col 28 of module ex4>
/\ jug_m = 5
/\ jug_n = 2

@!@!@ENDMSG 2217 @!@!@
@!@!@STARTMSG 2217:4 @!@!@
7: <Next line 83, col 12 to line 87, col 35 of module ex4>
/\ jug_m = 4
/\ jug_n = 3

@!@!@ENDMSG 2217 @!@!@
"CounterExample written: /home/eric/TLA/github/Learning-TLA/04_Die_Hard_Jugs/ex4_trace_T2026-07-19_16-18-22_F36_W1_Mbfs.tlc"
@!@!@STARTMSG 2201:0 @!@!@
The coverage statistics at 2026-07-19 18:18:23 (see https://explain.tlapl.us/module-coverage-statistics for how to interpret the following statistics).
@!@!@ENDMSG 2201 @!@!@
@!@!@STARTMSG 2779:0 @!@!@
<jug_m line 57, col 11 to line 57, col 15 of module ex4>: 4
@!@!@ENDMSG 2779 @!@!@
@!@!@STARTMSG 2779:0 @!@!@
<jug_n line 57, col 18 to line 57, col 22 of module ex4>: 4
@!@!@ENDMSG 2779 @!@!@
@!@!@STARTMSG 2773:0 @!@!@
<Init line 71, col 1 to line 71, col 4 of module ex4>: 3:3
@!@!@ENDMSG 2773 @!@!@
@!@!@STARTMSG 2221:0 @!@!@
  line 72, col 9 to line 73, col 20 of module ex4: 3
@!@!@ENDMSG 2221 @!@!@
@!@!@STARTMSG 2772:0 @!@!@
<Next line 75, col 1 to line 75, col 4 of module ex4 (75 12 76 28)>: 2:23
@!@!@ENDMSG 2772 @!@!@
@!@!@STARTMSG 2221:0 @!@!@
  line 75, col 12 to line 76, col 28 of module ex4: 23
@!@!@ENDMSG 2221 @!@!@
@!@!@STARTMSG 2772:0 @!@!@
<Next line 75, col 1 to line 75, col 4 of module ex4 (77 12 78 28)>: 3:19
@!@!@ENDMSG 2772 @!@!@
@!@!@STARTMSG 2221:0 @!@!@
  line 77, col 12 to line 78, col 28 of module ex4: 19
@!@!@ENDMSG 2221 @!@!@
@!@!@STARTMSG 2772:0 @!@!@
<Next line 75, col 1 to line 75, col 4 of module ex4 (79 12 80 28)>: 1:19
@!@!@ENDMSG 2772 @!@!@
@!@!@STARTMSG 2221:0 @!@!@
  line 79, col 12 to line 80, col 28 of module ex4: 19
@!@!@ENDMSG 2221 @!@!@
@!@!@STARTMSG 2772:0 @!@!@
<Next line 75, col 1 to line 75, col 4 of module ex4 (81 12 82 28)>: 1:19
@!@!@ENDMSG 2772 @!@!@
@!@!@STARTMSG 2221:0 @!@!@
  line 81, col 12 to line 82, col 28 of module ex4: 19
@!@!@ENDMSG 2221 @!@!@
@!@!@STARTMSG 2772:0 @!@!@
<Next line 75, col 1 to line 75, col 4 of module ex4 (83 12 87 35)>: 3:17
@!@!@ENDMSG 2772 @!@!@
@!@!@STARTMSG 2221:0 @!@!@
  line 83, col 18 to line 83, col 34 of module ex4: 17
@!@!@ENDMSG 2221 @!@!@
@!@!@STARTMSG 2221:0 @!@!@
  line 84, col 26 to line 84, col 53 of module ex4: 9
@!@!@ENDMSG 2221 @!@!@
@!@!@STARTMSG 2221:0 @!@!@
  |line 84, col 35 to line 84, col 53 of module ex4: 10
@!@!@ENDMSG 2221 @!@!@
@!@!@STARTMSG 2221:0 @!@!@
  line 85, col 26 to line 85, col 35 of module ex4: 9
@!@!@ENDMSG 2221 @!@!@
@!@!@STARTMSG 2221:0 @!@!@
  |line 85, col 35 to line 85, col 35 of module ex4: 10
@!@!@ENDMSG 2221 @!@!@
@!@!@STARTMSG 2221:0 @!@!@
  line 86, col 23 to line 87, col 35 of module ex4: 7
@!@!@ENDMSG 2221 @!@!@
@!@!@STARTMSG 2772:0 @!@!@
<Next line 75, col 1 to line 75, col 4 of module ex4 (88 12 92 35)>: 2:10
@!@!@ENDMSG 2772 @!@!@
@!@!@STARTMSG 2221:0 @!@!@
  line 88, col 18 to line 88, col 34 of module ex4: 10
@!@!@ENDMSG 2221 @!@!@
@!@!@STARTMSG 2221:0 @!@!@
  line 89, col 23 to line 90, col 35 of module ex4: 3
@!@!@ENDMSG 2221 @!@!@
@!@!@STARTMSG 2221:0 @!@!@
  line 91, col 23 to line 92, col 35 of module ex4: 7
@!@!@ENDMSG 2221 @!@!@
@!@!@STARTMSG 2774:0 @!@!@
<NotSolved line 60, col 1 to line 60, col 9 of module ex4>
@!@!@ENDMSG 2774 @!@!@
@!@!@STARTMSG 2221:0 @!@!@
  line 61, col 5 to line 62, col 16 of module ex4: 13
@!@!@ENDMSG 2221 @!@!@
@!@!@STARTMSG 2221:0 @!@!@
  |line 61, col 8 to line 61, col 16 of module ex4: 13
@!@!@ENDMSG 2221 @!@!@
@!@!@STARTMSG 2221:0 @!@!@
  |line 62, col 8 to line 62, col 16 of module ex4: 12
@!@!@ENDMSG 2221 @!@!@
@!@!@STARTMSG 2774:0 @!@!@
<Conditions line 64, col 1 to line 64, col 10 of module ex4>
@!@!@ENDMSG 2774 @!@!@
@!@!@STARTMSG 2221:0 @!@!@
  line 65, col 5 to line 66, col 17 of module ex4: 12
@!@!@ENDMSG 2221 @!@!@
@!@!@STARTMSG 2202:0 @!@!@
End of statistics.
@!@!@ENDMSG 2202 @!@!@
@!@!@STARTMSG 2200:0 @!@!@
Progress(7) at 2026-07-19 18:18:23: 66 states generated (4,239 s/min), 13 distinct states found (835 ds/min), 1 states left on queue.
@!@!@ENDMSG 2200 @!@!@
@!@!@STARTMSG 2199:0 @!@!@
66 states generated, 13 distinct states found, 1 states left on queue.
@!@!@ENDMSG 2199 @!@!@
@!@!@STARTMSG 2194:0 @!@!@
The depth of the complete state graph search is 7.
@!@!@ENDMSG 2194 @!@!@
@!@!@STARTMSG 2186:0 @!@!@
Finished in 940ms at (2026-07-19 18:18:23)
@!@!@ENDMSG 2186 @!@!@
